#
# There is insufficient memory for the Java Runtime Environment to continue.
# Native memory allocation (mmap) failed to map 266338304 bytes for Failed to commit area from 0x0000000702a00000 to 0x0000000712800000 of length 266338304.
# Possible reasons:
#   The system is out of physical RAM or swap space
#   The process is running with CompressedOops enabled, and the Java Heap may be blocking the growth of the native heap
# Possible solutions:
#   Reduce memory load on the system
#   Increase physical memory or swap space
#   Check if swap backing store is full
#   Decrease Java heap size (-Xmx/-Xms)
#   Decrease number of Java threads
#   Decrease Java thread stack sizes (-Xss)
#   Set larger code cache with -XX:ReservedCodeCacheSize=
#   JVM is running with Zero Based Compressed Oops mode in which the Java heap is
#     placed in the first 32GB address space. The Java Heap base address is the
#     maximum limit for the native heap growth. Please use -XX:HeapBaseMinAddress
#     to set the Java Heap base and to place the Java Heap above 32GB virtual address.
# This output file may be truncated or incomplete.
#
#  Out of Memory Error (./open/src/hotspot/os/windows/os_windows.cpp:3315), pid=25060, tid=25108
#
# JRE version:  (14.0.2+12) (build )
# Java VM: OpenJDK 64-Bit Server VM (14.0.2+12-46, mixed mode, sharing, tiered, compressed oops, g1 gc, windows-amd64)
# No core dump will be written. Minidumps are not enabled by default on client versions of Windows
#

---------------  S U M M A R Y ------------

Command Line: -Dfile.encoding=Cp1252 -XX:+ShowCodeDetailsInExceptionMessages gui.ChronometerGUI

Host: Intel(R) Core(TM) i7-10510U CPU @ 1.80GHz, 8 cores, 15G,  Windows 10 , 64 bit Build 18362 (10.0.18362.1350)
Time: Fri Mar  5 17:46:32 2021 Paris, Madrid elapsed time: 0 seconds (0d 0h 0m 0s)

---------------  T H R E A D  ---------------

Current thread (0x000001472130a800):  JavaThread "Unknown thread" [_thread_in_vm, id=25108, stack(0x0000001d5a200000,0x0000001d5a300000)]

Stack: [0x0000001d5a200000,0x0000001d5a300000]
Native frames: (J=compiled Java code, j=interpreted, Vv=VM code, C=native code)
V  [jvm.dll+0x5f8a9a]
V  [jvm.dll+0x74247a]
V  [jvm.dll+0x743c2f]
V  [jvm.dll+0x744273]
V  [jvm.dll+0x20d288]
V  [jvm.dll+0x5f5dea]
V  [jvm.dll+0x5eac45]
V  [jvm.dll+0x2c7e9c]
V  [jvm.dll+0x2c7cd2]
V  [jvm.dll+0x2cdbbc]
V  [jvm.dll+0x313fe8]
V  [jvm.dll+0x313710]
V  [jvm.dll+0x2a092a]
V  [jvm.dll+0x2a1a79]
V  [jvm.dll+0x71fd48]
V  [jvm.dll+0x321c14]
V  [jvm.dll+0x70112c]
V  [jvm.dll+0x392def]
V  [jvm.dll+0x394e61]
C  [jli.dll+0x524b]
C  [ucrtbase.dll+0x210b2]
C  [KERNEL32.DLL+0x17c24]
C  [ntdll.dll+0x6d721]


---------------  P R O C E S S  ---------------

Threads class SMR info:
_java_thread_list=0x00007ffb1b0f3038, length=0, elements={
}

Java Threads: ( => current thread )

Other Threads:
  0x0000014721371800 GCTaskThread "GC Thread#0" [stack: 0x0000001d5a300000,0x0000001d5a400000] [id=18816]
  0x0000014721393000 ConcurrentGCThread "G1 Main Marker" [stack: 0x0000001d5a400000,0x0000001d5a500000] [id=20560]
  0x0000014721396800 ConcurrentGCThread "G1 Conc#0" [stack: 0x0000001d5a500000,0x0000001d5a600000] [id=18092]

[error occurred during error reporting (printing all threads), id 0xc0000005, EXCEPTION_ACCESS_VIOLATION (0xc0000005) at pc=0x00007ffb1a921257]

VM state:not at safepoint (not fully initialized)

VM Mutex/Monitor currently owned by a thread:  ([mutex/lock_event])
[0x0000014721306b00] Heap_lock - owner thread: 0x000001472130a800

Heap address: 0x0000000702a00000, size: 4054 MB, Compressed Oops mode: Zero based, Oop shift amount: 3
Narrow klass base: 0x0000000000000000, Narrow klass shift: 0

GC Heap History (0 events):
No events

Deoptimization events (0 events):
No events

Classes unloaded (0 events):
No events

Classes redefined (0 events):
No events

Internal exceptions (0 events):
No events

Events (2 events):
Event: 0.006 Loaded shared library C:\Users\lyvia\.p2\pool\plugins\org.eclipse.justj.openjdk.hotspot.jre.full.win32.x86_64_14.0.2.v20200815-0932\jre\bin\java.dll
Event: 0.006 Loaded shared library C:\Users\lyvia\.p2\pool\plugins\org.eclipse.justj.openjdk.hotspot.jre.full.win32.x86_64_14.0.2.v20200815-0932\jre\bin\zip.dll


Dynamic libraries:
0x00007ff763bb0000 - 0x00007ff763bbd000 	C:\Users\lyvia\.p2\pool\plugins\org.eclipse.justj.openjdk.hotspot.jre.full.win32.x86_64_14.0.2.v20200815-0932\jre\bin\javaw.exe
0x00007ffba25e0000 - 0x00007ffba27d0000 	C:\Windows\SYSTEM32\ntdll.dll
0x00007ffba1df0000 - 0x00007ffba1ea2000 	C:\Windows\System32\KERNEL32.DLL
0x00007ffb9f8e0000 - 0x00007ffb9fb85000 	C:\Windows\System32\KERNELBASE.dll
0x00007ffba04b0000 - 0x00007ffba05aa000 	C:\Windows\System32\ucrtbase.dll
0x00007ffb8d700000 - 0x00007ffb8d718000 	C:\Users\lyvia\.p2\pool\plugins\org.eclipse.justj.openjdk.hotspot.jre.full.win32.x86_64_14.0.2.v20200815-0932\jre\bin\jli.dll
0x00007ffb9adb0000 - 0x00007ffb9adc5000 	C:\Users\lyvia\.p2\pool\plugins\org.eclipse.justj.openjdk.hotspot.jre.full.win32.x86_64_14.0.2.v20200815-0932\jre\bin\VCRUNTIME140.dll
0x00007ffba0f00000 - 0x00007ffba1094000 	C:\Windows\System32\USER32.dll
0x00007ffba05b0000 - 0x00007ffba05d1000 	C:\Windows\System32\win32u.dll
0x00007ffba1200000 - 0x00007ffba1226000 	C:\Windows\System32\GDI32.dll
0x00007ffb7cf40000 - 0x00007ffb7d1c4000 	C:\Windows\WinSxS\amd64_microsoft.windows.common-controls_6595b64144ccf1df_6.0.18362.1379_none_9e7ff3b3e45cc0c4\COMCTL32.dll
0x00007ffb9fb90000 - 0x00007ffb9fd28000 	C:\Windows\System32\gdi32full.dll
0x00007ffba0df0000 - 0x00007ffba0e8e000 	C:\Windows\System32\msvcrt.dll
0x00007ffb9f840000 - 0x00007ffb9f8de000 	C:\Windows\System32\msvcp_win.dll
0x00007ffba09c0000 - 0x00007ffba0cf7000 	C:\Windows\System32\combase.dll
0x00007ffba1b20000 - 0x00007ffba1c3f000 	C:\Windows\System32\RPCRT4.dll
0x00007ffb9f6b0000 - 0x00007ffb9f731000 	C:\Windows\System32\bcryptPrimitives.dll
0x00007ffba2430000 - 0x00007ffba245e000 	C:\Windows\System32\IMM32.DLL
0x00007ffb8cd20000 - 0x00007ffb8cdbb000 	C:\Users\lyvia\.p2\pool\plugins\org.eclipse.justj.openjdk.hotspot.jre.full.win32.x86_64_14.0.2.v20200815-0932\jre\bin\msvcp140.dll
0x00007ffb1a670000 - 0x00007ffb1b18e000 	C:\Users\lyvia\.p2\pool\plugins\org.eclipse.justj.openjdk.hotspot.jre.full.win32.x86_64_14.0.2.v20200815-0932\jre\bin\server\jvm.dll
0x00007ffba1a70000 - 0x00007ffba1b13000 	C:\Windows\System32\ADVAPI32.dll
0x00007ffba0690000 - 0x00007ffba0727000 	C:\Windows\System32\sechost.dll
0x00007ffba1300000 - 0x00007ffba1308000 	C:\Windows\System32\PSAPI.DLL
0x00007ffb7bce0000 - 0x00007ffb7bce9000 	C:\Windows\SYSTEM32\WSOCK32.dll
0x00007ffba1310000 - 0x00007ffba137f000 	C:\Windows\System32\WS2_32.dll
0x00007ffb959c0000 - 0x00007ffb959ca000 	C:\Windows\SYSTEM32\VERSION.dll
0x00007ffb9c120000 - 0x00007ffb9c144000 	C:\Windows\SYSTEM32\WINMM.dll
0x00007ffb9c0f0000 - 0x00007ffb9c11d000 	C:\Windows\SYSTEM32\WINMMBASE.dll
0x00007ffb9f740000 - 0x00007ffb9f78a000 	C:\Windows\System32\cfgmgr32.dll
0x00007ffb9f540000 - 0x00007ffb9f551000 	C:\Windows\System32\kernel.appcore.dll
0x00007ffb8cd00000 - 0x00007ffb8cd0a000 	C:\Users\lyvia\.p2\pool\plugins\org.eclipse.justj.openjdk.hotspot.jre.full.win32.x86_64_14.0.2.v20200815-0932\jre\bin\jimage.dll
0x00007ffb95740000 - 0x00007ffb95934000 	C:\Windows\SYSTEM32\DBGHELP.DLL
0x00007ffb95710000 - 0x00007ffb9573a000 	C:\Windows\SYSTEM32\dbgcore.DLL
0x00007ffb89340000 - 0x00007ffb89365000 	C:\Users\lyvia\.p2\pool\plugins\org.eclipse.justj.openjdk.hotspot.jre.full.win32.x86_64_14.0.2.v20200815-0932\jre\bin\java.dll
0x00007ffb8c2c0000 - 0x00007ffb8c2d6000 	C:\Users\lyvia\.p2\pool\plugins\org.eclipse.justj.openjdk.hotspot.jre.full.win32.x86_64_14.0.2.v20200815-0932\jre\bin\zip.dll

dbghelp: loaded successfully - version: 4.0.5 - missing functions: none
symbol engine: initialized successfully - sym options: 0x614 - pdb path: .;C:\Users\lyvia\.p2\pool\plugins\org.eclipse.justj.openjdk.hotspot.jre.full.win32.x86_64_14.0.2.v20200815-0932\jre\bin;C:\Windows\SYSTEM32;C:\Windows\WinSxS\amd64_microsoft.windows.common-controls_6595b64144ccf1df_6.0.18362.1379_none_9e7ff3b3e45cc0c4;C:\Users\lyvia\.p2\pool\plugins\org.eclipse.justj.openjdk.hotspot.jre.full.win32.x86_64_14.0.2.v20200815-0932\jre\bin\server

VM Arguments:
jvm_args: -Dfile.encoding=Cp1252 -XX:+ShowCodeDetailsInExceptionMessages 
java_command: gui.ChronometerGUI
java_class_path (initial): C:\Users\lyvia\git\SimuSoccer\bin
Launcher Type: SUN_STANDARD

[Global flags]
     intx CICompilerCount                          = 4                                         {product} {ergonomic}
     uint ConcGCThreads                            = 2                                         {product} {ergonomic}
     uint G1ConcRefinementThreads                  = 8                                         {product} {ergonomic}
   size_t G1HeapRegionSize                         = 1048576                                   {product} {ergonomic}
    uintx GCDrainStackTargetSize                   = 64                                        {product} {ergonomic}
   size_t InitialHeapSize                          = 266338304                                 {product} {ergonomic}
   size_t MarkStackSize                            = 4194304                                   {product} {ergonomic}
   size_t MaxHeapSize                              = 4250927104                                {product} {ergonomic}
   size_t MinHeapDeltaBytes                        = 1048576                                   {product} {ergonomic}
   size_t MinHeapSize                              = 8388608                                   {product} {ergonomic}
    uintx NonNMethodCodeHeapSize                   = 5839372                                {pd product} {ergonomic}
    uintx NonProfiledCodeHeapSize                  = 122909434                              {pd product} {ergonomic}
    uintx ProfiledCodeHeapSize                     = 122909434                              {pd product} {ergonomic}
    uintx ReservedCodeCacheSize                    = 251658240                              {pd product} {ergonomic}
     bool SegmentedCodeCache                       = true                                      {product} {ergonomic}
     bool ShowCodeDetailsInExceptionMessages       = true                                   {manageable} {command line}
   size_t SoftMaxHeapSize                          = 4250927104                             {manageable} {ergonomic}
     bool UseCompressedClassPointers               = true                                 {lp64_product} {ergonomic}
     bool UseCompressedOops                        = true                                 {lp64_product} {ergonomic}
     bool UseG1GC                                  = true                                      {product} {ergonomic}
     bool UseLargePagesIndividualAllocation        = false                                  {pd product} {ergonomic}

Logging:
Log output configuration:
 #0: stdout all=warning uptime,level,tags
 #1: stderr all=off uptime,level,tags

Environment Variables:
PATH=C:/Users/lyvia/.p2/pool/plugins/org.eclipse.justj.openjdk.hotspot.jre.full.win32.x86_64_14.0.2.v20200815-0932/jre/bin/server;C:/Users/lyvia/.p2/pool/plugins/org.eclipse.justj.openjdk.hotspot.jre.full.win32.x86_64_14.0.2.v20200815-0932/jre/bin;C:\Program Files (x86)\Common Files\Oracle\Java\javapath;C:\Windows\system32;C:\Windows;C:\Windows\System32\Wbem;C:\Windows\System32\WindowsPowerShell\v1.0\;C:\Windows\System32\OpenSSH\;C:\Program Files (x86)\NVIDIA Corporation\PhysX\Common;C:\Program Files\NVIDIA Corporation\NVIDIA NvDLISR;C:\MinGW\bin;C:\wamp\bin\php\php7.4.9;C:\Users\lyvia\AppData\Local\Microsoft\WindowsApps;;C:\Windows\system32;
USERNAME=lyvia
OS=Windows_NT
PROCESSOR_IDENTIFIER=Intel64 Family 6 Model 142 Stepping 12, GenuineIntel



---------------  S Y S T E M  ---------------

OS: Windows 10 , 64 bit Build 18362 (10.0.18362.1350)
OS uptime: 8 days 20:28 hours

CPU:total 8 (initial active 8) (4 cores per cpu, 2 threads per core) family 6 model 142 stepping 12, cmov, cx8, fxsr, mmx, sse, sse2, sse3, ssse3, sse4.1, sse4.2, popcnt, avx, avx2, aes, clmul, erms, 3dnowpref, lzcnt, ht, tsc, tscinvbit, bmi1, bmi2, adx, fma

Memory: 4k page, system-wide physical 16212M (5302M free)
TotalPageFile size 22411M (AvailPageFile size 81M)
current process WorkingSet (physical memory assigned to process): 10M, peak: 10M
current process commit charge ("private bytes"): 60M, peak: 314M

vm_info: OpenJDK 64-Bit Server VM (14.0.2+12-46) for windows-amd64 JRE (14.0.2+12-46), built on Jul  9 2020 00:31:16 by "mach5one" with MS VC++ 15.9 (VS2017)

END.
